2022-01-12 11:12:34.1810 (Scene.cs:33) scene create: Process Process 68084096454361089 68084096454361089 0
2022-01-12 11:12:34.2160 (Program.cs:41) server start........................ 68084096454361089
2022-01-12 11:12:34.3541 (Scene.cs:48) scene create: Realm Realm 1 262145 1
2022-01-12 11:12:34.3541 (Scene.cs:48) scene create: Gate Gate1 2 262146 1
2022-01-12 11:12:34.3541 (Scene.cs:48) scene create: Gate Gate2 3 262147 1
2022-01-12 11:12:34.3541 (Scene.cs:48) scene create: Location Location 4 262148 1
2022-01-12 11:12:34.3541 (Scene.cs:48) scene create: Map Map 5 262149 1
2022-01-12 11:12:37.4844 (Session.cs:69) session create: zone: 1 id: 8589934592 1641985957484 
2022-01-12 11:12:37.4895 (SessionStreamDispatcherServerOuter.cs:21) zone: 1 { "_t" : "C2R_Login", "RpcId" : 2, "Account" : "342", "Password" : "52354" }
2022-01-12 11:12:37.5173 (C2R_LoginHandler.cs:14) gate address: { "_t" : "StartSceneConfig", "InstanceId" : NumberLong(262147), "Type" : 3, "_id" : 3, "Process" : 1, "Zone" : 1, "SceneType" : "Gate", "Name" : "Gate2", "OuterPort" : 10004 }
2022-01-12 11:12:37.5229 (Session.cs:69) session create: zone: 0 id: 1 1641985957522 
2022-01-12 11:12:37.5229 (Session.cs:69) session create: zone: 0 id: 8589934592 1641985957528 
2022-01-12 11:12:37.5229 (SessionStreamDispatcherServerInner.cs:57) zone: 0 { "_t" : "R2G_GetLoginKey", "RpcId" : 1, "Account" : "342" }
2022-01-12 11:12:37.5363 (Session.cs:195) zone: 0 { "_t" : "G2R_GetLoginKey", "RpcId" : 1, "Error" : 0, "Message" : null, "Key" : 6967381910323877855, "GateId" : 3 }
2022-01-12 11:12:37.5363 (SessionStreamDispatcherServerInner.cs:57) zone: 0 { "_t" : "G2R_GetLoginKey", "RpcId" : 1, "Error" : 0, "Message" : null, "Key" : 6967381910323877855, "GateId" : 3 }
2022-01-12 11:12:37.5363 (Session.cs:185) zone: 1 { "_t" : "R2C_Login", "RpcId" : 2, "Error" : 0, "Message" : null, "Address" : "127.0.0.1:10004", "Key" : 6967381910323877855, "GateId" : 3 }
2022-01-12 11:12:37.5719 (TChannel.cs:403) TChannel OnError: 100208 127.0.0.1:51233
2022-01-12 11:12:37.5719 (TChannel.cs:102) channel dispose: 8589934592 127.0.0.1:51233
2022-01-12 11:12:37.5719 (Session.cs:91) session dispose: 127.0.0.1:51233 zone: 1 id: 8589934592 ErrorCode: 100208, please see ErrorCode.cs! 1641985957575
2022-01-12 11:12:37.5719 (Session.cs:69) session create: zone: 1 id: 8589934592 1641985957575 
2022-01-12 11:12:37.5719 (SessionStreamDispatcherServerOuter.cs:21) zone: 1 { "_t" : "C2G_LoginGate", "RpcId" : 4, "Key" : 6967381910323877855, "GateId" : 3 }
2022-01-12 11:12:37.5719 (Session.cs:185) zone: 1 { "_t" : "G2C_LoginGate", "RpcId" : 4, "Error" : 0, "Message" : null, "PlayerId" : 1102074125523943429 }
2022-01-12 11:12:46.1710 (SessionStreamDispatcherServerOuter.cs:21) zone: 1 { "_t" : "C2G_EnterMap", "RpcId" : 9 }
2022-01-12 11:12:46.1710 (Scene.cs:48) scene create: Map GateMap 68084921088081921 68084921088081921 1
2022-01-12 11:12:46.1845 (Session.cs:185) zone: 1 { "_t" : "G2C_EnterMap", "RpcId" : 9, "Error" : 0, "Message" : null, "MyId" : 1102074125523943429 }
2022-01-12 11:12:46.1845 (Session.cs:195) zone: 0 { "_t" : "M2C_StartSceneChange", "SceneInstanceId" : 262149, "SceneName" : "Map" }
2022-01-12 11:12:46.1845 (LocationProxyComponentSystem.cs:39) location proxy lock 1102074125523943429, 68084921088081925 1641985966187
2022-01-12 11:12:46.1955 (SessionStreamDispatcherServerInner.cs:57) zone: 0 { "_t" : "ObjectLockRequest", "RpcId" : 2, "Key" : 1102074125523943429, "InstanceId" : 68084921088081925, "Time" : 60000 }
2022-01-12 11:12:46.1955 (LocationComponent.cs:66) location lock key: 1102074125523943429 instanceId: 68084921088081925
2022-01-12 11:12:46.1955 (Session.cs:195) zone: 0 { "_t" : "ObjectLockResponse", "RpcId" : 2, "Error" : 0, "Message" : null }
2022-01-12 11:12:46.2105 (SessionStreamDispatcherServerInner.cs:57) zone: 0 { "_t" : "ObjectLockResponse", "RpcId" : 2, "Error" : 0, "Message" : null }
2022-01-12 11:12:46.2423 (SessionStreamDispatcherServerInner.cs:57) zone: 0 { "_t" : "M2M_UnitTransferRequest", "Entitys" : [{ "_t" : "NumericComponent", "_id" : 1102074125523943429, "NumericDic" : [[1000, 60000], [1003, 15000]] }, { "_t" : "UnitGateComponent", "_id" : 1102074125523943429, "GateSessionActorId" : 68084302612791304 }], "RpcId" : 3, "Unit" : { "_id" : 1102074125523943429, "ConfigId" : 1001, "Position" : { "x" : -10.0, "y" : 0.0, "z" : -10.0 }, "Rotation" : { "w" : 0.0, "x" : 0.0, "y" : 0.0, "z" : 0.0 } } }
2022-01-12 11:12:46.2578 (Session.cs:195) zone: 0 { "_t" : "M2C_CreateMyUnit", "Unit" : { "Ks" : [1000, 1003], "Vs" : [60000, 15000], "UnitId" : 1102074125523943429, "ConfigId" : 1001, "Type" : 1, "X" : -10.0, "Y" : 0.0, "Z" : -10.0, "ForwardX" : 0.0, "ForwardY" : 0.0, "ForwardZ" : 1.0, "MoveInfo" : null } }
2022-01-12 11:12:46.2578 (Session.cs:195) zone: 0 { "_t" : "M2M_UnitTransferResponse", "RpcId" : 3, "Error" : 0, "Message" : null, "NewInstanceId" : 68084921088081960 }
2022-01-12 11:12:46.2727 (SessionStreamDispatcherServerInner.cs:57) zone: 0 { "_t" : "M2M_UnitTransferResponse", "RpcId" : 3, "Error" : 0, "Message" : null, "NewInstanceId" : 68084921088081960 }
2022-01-12 11:12:46.2727 (LocationProxyComponentSystem.cs:46) location proxy unlock 1102074125523943429, 68084921088081960 1641985966273
2022-01-12 11:12:46.2887 (SessionStreamDispatcherServerInner.cs:57) zone: 0 { "_t" : "ObjectUnLockRequest", "RpcId" : 4, "Key" : 1102074125523943429, "OldInstanceId" : 68084921088081925, "InstanceId" : 68084921088081960 }
2022-01-12 11:12:46.2887 (LocationComponent.cs:95) location unlock key: 1102074125523943429 instanceId: 68084921088081925 newInstanceId: 68084921088081960
2022-01-12 11:12:46.2887 (Session.cs:195) zone: 0 { "_t" : "ObjectUnLockResponse", "RpcId" : 4, "Error" : 0, "Message" : null }
2022-01-12 11:12:46.3037 (SessionStreamDispatcherServerInner.cs:57) zone: 0 { "_t" : "ObjectUnLockResponse", "RpcId" : 4, "Error" : 0, "Message" : null }
2022-01-12 11:12:47.3968 (SessionStreamDispatcherServerOuter.cs:21) zone: 1 { "_t" : "C2M_PathfindingResult", "RpcId" : 0, "X" : 0.0, "Y" : 0.0, "Z" : 0.0 }
2022-01-12 11:12:47.4117 (SessionStreamDispatcherServerInner.cs:57) zone: 0 { "_t" : "ObjectGetRequest", "RpcId" : 6, "Key" : 1102074125523943429 }
2022-01-12 11:12:47.4117 (LocationComponent.cs:110) location get key: 1102074125523943429 instanceId: 68084921088081960
2022-01-12 11:12:47.4117 (Session.cs:195) zone: 0 { "_t" : "ObjectGetResponse", "RpcId" : 6, "Error" : 0, "Message" : null, "InstanceId" : 68084921088081960 }
2022-01-12 11:12:47.4277 (SessionStreamDispatcherServerInner.cs:57) zone: 0 { "_t" : "ObjectGetResponse", "RpcId" : 6, "Error" : 0, "Message" : null, "InstanceId" : 68084921088081960 }
2022-01-12 11:12:47.4424 (SessionStreamDispatcherServerInner.cs:57) zone: 0 { "_t" : "C2M_PathfindingResult", "RpcId" : 5, "X" : 0.0, "Y" : 0.0, "Z" : 0.0 }
2022-01-12 11:12:47.4424 (Session.cs:195) zone: 0 { "_t" : "ActorResponse", "RpcId" : 5, "Error" : 0, "Message" : null }
2022-01-12 11:12:47.4424 (Session.cs:195) zone: 0 { "_t" : "M2C_PathfindingResult", "Xs" : [-10.0, -8.1868209838867188, -2.7164881229400635, -2.5000038146972656, 1.0999984741210938, 1.3999977111816406, 1.3999977111816406], "Ys" : [0.091531991958618164, 0.091531991958618164, 0.091531991958618164, 0.091531991958618164, 0.091531991958618164, 0.091531991958618164, 0.091531991958618164], "Zs" : [-10.0, -8.5736312866210938, -4.2702994346618652, -4.0999984741210938, -2.5999984741210938, -0.1999969482421875, 0.0], "_id" : 1102074125523943429, "X" : 0.0, "Y" : 0.0, "Z" : 0.0 }
2022-01-12 11:12:47.4660 (SessionStreamDispatcherServerInner.cs:57) zone: 0 { "_t" : "ActorResponse", "RpcId" : 5, "Error" : 0, "Message" : null }
2022-01-12 11:12:49.6029 (SessionStreamDispatcherServerOuter.cs:21) zone: 1 { "_t" : "C2M_PathfindingResult", "RpcId" : 0, "X" : 10.32388973236084, "Y" : 0.010000000707805157, "Z" : 7.9953784942626953 }
2022-01-12 11:12:49.6186 (SessionStreamDispatcherServerInner.cs:57) zone: 0 { "_t" : "C2M_PathfindingResult", "RpcId" : 7, "X" : 10.32388973236084, "Y" : 0.010000000707805157, "Z" : 7.9953784942626953 }
2022-01-12 11:12:49.6186 (Session.cs:195) zone: 0 { "_t" : "ActorResponse", "RpcId" : 7, "Error" : 0, "Message" : null }
2022-01-12 11:12:49.6186 (Session.cs:195) zone: 0 { "_t" : "M2C_PathfindingResult", "Xs" : [0.18061327934265137, 1.0999984741210938, 2.380000114440918, 3.5, 4.749420166015625, 5.0372662544250488, 7.2233772277832031, 7.5586838722229004, 10.32388973236084], "Ys" : [0.091531991958618164, 0.091531991958618164, 0.091531991958618164, 0.091531991958618164, 0.091531991958618164, 0.091531991958618164, 0.091531991958618164, 0.091531991958618164, 0.091531991958618164], "Zs" : [-2.9830753803253174, -2.5999984741210938, -0.1999969482421875, 1.9000015258789062, 3.0160346031188965, 3.2731506824493408, 5.2258734703063965, 5.5253839492797852, 7.9953784942626953], "_id" : 1102074125523943429, "X" : 0.0, "Y" : 0.0, "Z" : 0.0 }
2022-01-12 11:12:49.6346 (SessionStreamDispatcherServerInner.cs:57) zone: 0 { "_t" : "ActorResponse", "RpcId" : 7, "Error" : 0, "Message" : null }
2022-01-12 11:12:50.2927 (SessionStreamDispatcherServerOuter.cs:21) zone: 1 { "_t" : "C2M_PathfindingResult", "RpcId" : 0, "X" : -8.2360324859619141, "Y" : 0.010000000707805157, "Z" : 3.9258365631103516 }
2022-01-12 11:12:50.3077 (SessionStreamDispatcherServerInner.cs:57) zone: 0 { "_t" : "C2M_PathfindingResult", "RpcId" : 8, "X" : -8.2360324859619141, "Y" : 0.010000000707805157, "Z" : 3.9258365631103516 }
2022-01-12 11:12:50.3077 (Session.cs:195) zone: 0 { "_t" : "ActorResponse", "RpcId" : 8, "Error" : 0, "Message" : null }
2022-01-12 11:12:50.3077 (Session.cs:195) zone: 0 { "_t" : "M2C_PathfindingResult", "Xs" : [2.4478788375854492, 1.3999977111816406, -0.6714324951171875, -2.9824705123901367, -3.0488681793212891, -8.2360324859619141], "Ys" : [0.091531991958618164, 0.091531991958618164, 0.091531991958618164, 0.091531991958618164, 0.091531991958618164, 0.091531991958618164], "Zs" : [-0.072724312543869019, 1.6000022888183594, 2.099980354309082, 2.6577920913696289, 2.6738185882568359, 3.9258365631103516], "_id" : 1102074125523943429, "X" : 0.0, "Y" : 0.0, "Z" : 0.0 }
2022-01-12 11:12:50.3237 (SessionStreamDispatcherServerInner.cs:57) zone: 0 { "_t" : "ActorResponse", "RpcId" : 8, "Error" : 0, "Message" : null }
2022-01-12 11:12:51.7675 (TChannel.cs:403) TChannel OnError: 100208 127.0.0.1:51236
2022-01-12 11:12:51.7675 (TChannel.cs:102) channel dispose: 8589934592 127.0.0.1:51236
2022-01-12 11:12:51.7675 (Session.cs:91) session dispose: 127.0.0.1:51236 zone: 1 id: 8589934592 ErrorCode: 100208, please see ErrorCode.cs! 1641985971768
2022-01-12 11:12:51.7828 (SessionStreamDispatcherServerInner.cs:57) zone: 0 { "_t" : "G2M_SessionDisconnect", "RpcId" : 9 }
2022-01-12 11:12:51.7828 (Session.cs:195) zone: 0 { "_t" : "ActorResponse", "RpcId" : 9, "Error" : 0, "Message" : null }
2022-01-12 11:12:51.7975 (SessionStreamDispatcherServerInner.cs:57) zone: 0 { "_t" : "ActorResponse", "RpcId" : 9, "Error" : 0, "Message" : null }
2022-01-12 11:12:52.3749 (Session.cs:195) zone: 0 { "_t" : "M2C_Stop", "Error" : 0, "_id" : 1102074125523943429, "X" : -8.2360324859619141, "Y" : 0.091531991958618164, "Z" : 3.9258365631103516, "A" : 0.0, "B" : -0.61861521005630493, "C" : -0.0, "W" : 0.78569412231445312 }
2022-01-12 11:12:52.3889 (SessionStreamDispatcherServerInner.cs:33) not found actor: Process  10017 68084302612791304 { "_t" : "M2C_Stop", "Error" : 0, "_id" : 1102074125523943429, "X" : -8.2360324859619141, "Y" : 0.091531991958618164, "Z" : 3.9258365631103516, "A" : 0.0, "B" : -0.61861521005630493, "C" : 0.0, "W" : 0.78569412231445312 }
   at ET.SessionStreamDispatcherServerInner.Dispatch(Session session, MemoryStream memoryStream) in D:\zwb\study\ET\Unity\Client_Server\Server\Hotfix\Demo\Session\SessionStreamDispatcherServerInner.cs:line 33
   at ET.SessionStreamDispatcherSystem.Dispatch(SessionStreamDispatcher self, Int32 type, Session session, MemoryStream memoryStream) in D:\zwb\study\ET\Unity\Codes\Hotfix\Module\Message\SessionStreamDispatcherSystem.cs:line 81
   at ET.NetInnerComponentSystem.OnRead(NetInnerComponent self, Int64 channelId, MemoryStream memoryStream) in D:\zwb\study\ET\Unity\Client_Server\Server\Hotfix\Module\MessageInner\NetInnerComponentSystem.cs:line 63
   at ET.AService.OnRead(Int64 channelId, MemoryStream memoryStream) in D:\zwb\study\ET\Unity\Assets\Mono\Module\Network\AService.cs:line 53
   at ET.TChannel.OnRead(MemoryStream memoryStream) in D:\zwb\study\ET\Unity\Assets\Mono\Module\NetworkTCP\TChannel.cs:line 391
   at ET.TChannel.HandleRecv(Object o) in D:\zwb\study\ET\Unity\Assets\Mono\Module\NetworkTCP\TChannel.cs:line 279
   at ET.TChannel.OnRecvComplete(Object o) in D:\zwb\study\ET\Unity\Assets\Mono\Module\NetworkTCP\TChannel.cs:line 227
   at ET.TChannel.<>c__DisplayClass10_0.<OnComplete>b__1() in D:\zwb\study\ET\Unity\Assets\Mono\Module\NetworkTCP\TChannel.cs:line 37
   at ET.ThreadSynchronizationContext.Update() in D:\zwb\study\ET\Unity\Assets\Mono\Core\ThreadSynchronizationContext.cs:line 34
   at ET.Game.Update() in D:\zwb\study\ET\Unity\Codes\Model\Core\Entity\Game.cs:line 38
   at ET.Program.Main(String[] args) in D:\zwb\study\ET\Unity\Client_Server\Server\App\Program.cs:line 50

2022-01-12 11:13:54.3784 (ActorLocationSenderSystem.cs:21) actor location remove: 1102074125523943429
